[2024-05-04 00:01:42] INFO root fetch - main [MainThread]: Get Changelog since Serial: [23051971]
[2024-05-04 00:01:47] INFO root fetch - main [MainThread]: Found 10 changed packages
[2024-05-04 00:01:47] INFO root fetch - processPackages [ThreadPoolExecutor-0_0]: Start processing: aissemble-machine-learning-sagemaker-training
[2024-05-04 00:01:47] INFO root fetch - processPackages [ThreadPoolExecutor-0_1]: Start processing: aissemble-machine-learning-training-base
[2024-05-04 00:01:47] INFO root fetch - processPackages [ThreadPoolExecutor-0_2]: Start processing: aissemble-test-data-delivery-pyspark-model
[2024-05-04 00:01:47] INFO root fetch - processPackages [ThreadPoolExecutor-0_3]: Start processing: aissemble-test-data-delivery-pyspark-model-basic
[2024-05-04 00:01:47] INFO root fetch - processPackages [ThreadPoolExecutor-0_4]: Start processing: cortex-python
[2024-05-04 00:01:47] INFO root fetch - processPackages [ThreadPoolExecutor-0_5]: Start processing: pingintel-api
[2024-05-04 00:01:47] INFO root fetch - processPackages [ThreadPoolExecutor-0_6]: Start processing: aissemble-machine-learning-training
[2024-05-04 00:01:47] INFO root fetch - processPackages [ThreadPoolExecutor-0_7]: Start processing: name-generator-nicomp
[2024-05-04 00:01:47] INFO root fetch - processPackages [ThreadPoolExecutor-0_8]: Start processing: flatpack
[2024-05-04 00:01:47] INFO root fetch - processPackages [ThreadPoolExecutor-0_9]: Start processing: gr1336-toolbox
[2024-05-04 00:01:48] INFO root fetch - processPackages [aissemble-machine-learning-sagemaker-training]: New version: [1.7.0.dev1714764515] Old Version: [1.7.0.dev1714764471]
[2024-05-04 00:01:48] INFO root fetch - processPackages [pingintel-api]: New version: [0.5.0] Old Version: [0.4.0]
[2024-05-04 00:01:48] WARNING root fetch - processPackages [aissemble-machine-learning-training-base]: Skipping, unable to determine old version
[2024-05-04 00:01:48] INFO root fetch - main [MainThread]: End processing [aissemble-machine-learning-training-base] error
[2024-05-04 00:01:48] WARNING root fetch - processPackages [name-generator-nicomp]: Skipping, unable to determine old version
[2024-05-04 00:01:48] INFO root fetch - main [MainThread]: End processing [name-generator-nicomp] error
[2024-05-04 00:01:48] INFO root fetch - processPackages [aissemble-machine-learning-training]: New version: [1.7.0.dev1714773445] Old Version: [1.7.0.dev1714764425]
[2024-05-04 00:01:48] INFO root fetch - processPackages [aissemble-test-data-delivery-pyspark-model]: New version: [1.7.0.dev1714773369] Old Version: [1.7.0.dev1714764344]
[2024-05-04 00:01:48] INFO root fetch - processPackages [aissemble-test-data-delivery-pyspark-model-basic]: New version: [1.7.0.dev1714773404] Old Version: [1.7.0.dev1714764382]
[2024-05-04 00:01:48] INFO root fetch - processPackages [pingintel-api]: Downloading https://files.pythonhosted.org/packages/81/ea/8c5d19f98e5e587b551de0ce244edcf18ec7d887cb2cfda4dce65f78504c/pingintel_api-0.4.0.tar.gz
[2024-05-04 00:01:48] INFO root fetch - processPackages [flatpack]: New version: [3.4.9] Old Version: [3.4.8]
[2024-05-04 00:01:48] INFO root fetch - processPackages [cortex-python]: New version: [6.5.0a6] Old Version: [6.5.0a4]
[2024-05-04 00:01:48] INFO root fetch - processPackages [aissemble-machine-learning-training]: Downloading https://files.pythonhosted.org/packages/a6/fa/7db7368bba7fc2d28598721c47330baf62bd8e30aada2b77201404ec39e9/aissemble_machine_learning_training-1.7.0.dev1714764425.tar.gz
[2024-05-04 00:01:48] INFO root fetch - processPackages [aissemble-test-data-delivery-pyspark-model]: Downloading https://files.pythonhosted.org/packages/8d/29/9f1c82870bad18df23f7718ff4b87c735200e5ebde538b99f72fc6a29d9f/aissemble_test_data_delivery_pyspark_model-1.7.0.dev1714764344.tar.gz
[2024-05-04 00:01:48] INFO root fetch - processPackages [aissemble-test-data-delivery-pyspark-model-basic]: Downloading https://files.pythonhosted.org/packages/d7/14/6d9087f1509604e0e3b9c61eae92aa369421178907c659e8f7349fd7c091/aissemble_test_data_delivery_pyspark_model_basic-1.7.0.dev1714764382.tar.gz
[2024-05-04 00:01:48] INFO root fetch - processPackages [gr1336-toolbox]: New version: [0.0.4] Old Version: [0.0.3]
[2024-05-04 00:01:48] INFO root fetch - processPackages [flatpack]: Downloading https://files.pythonhosted.org/packages/92/5a/46a0817bd1cfcbeb0f041626a2cc2b28a97a17caa6609495cfb355a5d90e/flatpack-3.4.8.tar.gz
[2024-05-04 00:01:48] INFO root fetch - processPackages [aissemble-machine-learning-sagemaker-training]: Downloading https://files.pythonhosted.org/packages/80/42/694248d992b60b062187b43385a6f1b5b37d8e8d7d7543b27ed7fafc3aed/aissemble_machine_learning_sagemaker_training-1.7.0.dev1714764471.tar.gz
[2024-05-04 00:01:48] INFO root fetch - processPackages [cortex-python]: Downloading https://files.pythonhosted.org/packages/1d/66/0640cf1d1333a0f9b1e66af2cf46a7b82173af9edb53eee14ddfb10b5467/cortex_python-6.5.0a4.tar.gz
[2024-05-04 00:01:48] INFO root fetch - processPackages [flatpack]: Downloading https://files.pythonhosted.org/packages/29/b6/9545d80064161872f90e25faa6bb7dc31698e88762b3d442b5fb491967fd/flatpack-3.4.9.tar.gz
[2024-05-04 00:01:48] INFO root fetch - processPackages [gr1336-toolbox]: Downloading https://files.pythonhosted.org/packages/0c/60/8517001602f76d1ebe0a083a4fa06204e3ab37f654d6f5b859f56223a0f7/gr1336_toolbox-0.0.3.tar.gz
[2024-05-04 00:01:48] INFO root fetch - processPackages [pingintel-api]: Downloading https://files.pythonhosted.org/packages/45/c3/797a82732c7456c5d421681a7968c6058ec0258d7ba8fbae88aed5a0bd0b/pingintel_api-0.5.0.tar.gz
[2024-05-04 00:01:48] INFO root fetch - processPackages [aissemble-test-data-delivery-pyspark-model-basic]: Downloading https://files.pythonhosted.org/packages/fa/86/6027d0f4352fd8648903f9c4247c14a022a479cc6899fe31fa4831802761/aissemble_test_data_delivery_pyspark_model_basic-1.7.0.dev1714773404.tar.gz
[2024-05-04 00:01:48] INFO root fetch - processPackages [aissemble-test-data-delivery-pyspark-model]: Downloading https://files.pythonhosted.org/packages/63/ee/f780c2e1dbef1d09a870cd7dd226db788624dbb059826098aea27e37d277/aissemble_test_data_delivery_pyspark_model-1.7.0.dev1714773369.tar.gz
[2024-05-04 00:01:48] INFO root fetch - processPackages [aissemble-machine-learning-training]: Downloading https://files.pythonhosted.org/packages/67/7c/0d249a834e32057d30406027613c4b578ec29057d70ad26ed40857e9bd33/aissemble_machine_learning_training-1.7.0.dev1714773445.tar.gz
[2024-05-04 00:01:48] INFO root fetch - processPackages [aissemble-machine-learning-sagemaker-training]: Downloading https://files.pythonhosted.org/packages/51/fc/f0acb627fe8477c57e1a7397e5e2cf64ba1d2f4c067cc2c7c05d8bf03114/aissemble_machine_learning_sagemaker_training-1.7.0.dev1714764515.tar.gz
[2024-05-04 00:01:48] INFO root fetch - processPackages [flatpack]: executing diffoscope
[2024-05-04 00:01:48] INFO root fetch - processPackages [flatpack]: podman run --user 0:0 --rm -w /home/abi/fetcher -v /home/abi/fetcher/tmp:/home/abi/fetcher/tmp:ro -v /home/abi/fetcher/20240504:/home/abi/fetcher/20240504:rw registry.salsa.debian.org/reproducible-builds/diffoscope --no-progress tmp/flatpack-3.4.8.tar.gz tmp/flatpack-3.4.9.tar.gz --markdown 20240504/f/flatpack/3.4.8-3.4.9/README.md --exclude *.pyd
[2024-05-04 00:01:48] INFO root fetch - processPackages [pingintel-api]: executing diffoscope
[2024-05-04 00:01:48] INFO root fetch - processPackages [pingintel-api]: podman run --user 0:0 --rm -w /home/abi/fetcher -v /home/abi/fetcher/tmp:/home/abi/fetcher/tmp:ro -v /home/abi/fetcher/20240504:/home/abi/fetcher/20240504:rw registry.salsa.debian.org/reproducible-builds/diffoscope --no-progress tmp/pingintel_api-0.4.0.tar.gz tmp/pingintel_api-0.5.0.tar.gz --markdown 20240504/p/pingintel-api/0.4.0-0.5.0/README.md --exclude *.pyd
[2024-05-04 00:01:48] INFO root fetch - processPackages [aissemble-test-data-delivery-pyspark-model-basic]: executing diffoscope
[2024-05-04 00:01:48] INFO root fetch - processPackages [aissemble-test-data-delivery-pyspark-model-basic]: podman run --user 0:0 --rm -w /home/abi/fetcher -v /home/abi/fetcher/tmp:/home/abi/fetcher/tmp:ro -v /home/abi/fetcher/20240504:/home/abi/fetcher/20240504:rw registry.salsa.debian.org/reproducible-builds/diffoscope --no-progress tmp/aissemble_test_data_delivery_pyspark_model_basic-1.7.0.dev1714764382.tar.gz tmp/aissemble_test_data_delivery_pyspark_model_basic-1.7.0.dev1714773404.tar.gz --markdown 20240504/a/aissemble-test-data-delivery-pyspark-model-basic/1.7.0.dev1714764382-1.7.0.dev1714773404/README.md --exclude *.pyd
[2024-05-04 00:01:48] INFO root fetch - processPackages [aissemble-test-data-delivery-pyspark-model]: executing diffoscope
[2024-05-04 00:01:48] INFO root fetch - processPackages [aissemble-test-data-delivery-pyspark-model]: podman run --user 0:0 --rm -w /home/abi/fetcher -v /home/abi/fetcher/tmp:/home/abi/fetcher/tmp:ro -v /home/abi/fetcher/20240504:/home/abi/fetcher/20240504:rw registry.salsa.debian.org/reproducible-builds/diffoscope --no-progress tmp/aissemble_test_data_delivery_pyspark_model-1.7.0.dev1714764344.tar.gz tmp/aissemble_test_data_delivery_pyspark_model-1.7.0.dev1714773369.tar.gz --markdown 20240504/a/aissemble-test-data-delivery-pyspark-model/1.7.0.dev1714764344-1.7.0.dev1714773369/README.md --exclude *.pyd
[2024-05-04 00:01:48] INFO root fetch - processPackages [aissemble-machine-learning-training]: executing diffoscope
[2024-05-04 00:01:48] INFO root fetch - processPackages [aissemble-machine-learning-training]: podman run --user 0:0 --rm -w /home/abi/fetcher -v /home/abi/fetcher/tmp:/home/abi/fetcher/tmp:ro -v /home/abi/fetcher/20240504:/home/abi/fetcher/20240504:rw registry.salsa.debian.org/reproducible-builds/diffoscope --no-progress tmp/aissemble_machine_learning_training-1.7.0.dev1714764425.tar.gz tmp/aissemble_machine_learning_training-1.7.0.dev1714773445.tar.gz --markdown 20240504/a/aissemble-machine-learning-training/1.7.0.dev1714764425-1.7.0.dev1714773445/README.md --exclude *.pyd
[2024-05-04 00:01:48] INFO root fetch - processPackages [aissemble-machine-learning-sagemaker-training]: executing diffoscope
[2024-05-04 00:01:48] INFO root fetch - processPackages [aissemble-machine-learning-sagemaker-training]: podman run --user 0:0 --rm -w /home/abi/fetcher -v /home/abi/fetcher/tmp:/home/abi/fetcher/tmp:ro -v /home/abi/fetcher/20240504:/home/abi/fetcher/20240504:rw registry.salsa.debian.org/reproducible-builds/diffoscope --no-progress tmp/aissemble_machine_learning_sagemaker_training-1.7.0.dev1714764471.tar.gz tmp/aissemble_machine_learning_sagemaker_training-1.7.0.dev1714764515.tar.gz --markdown 20240504/a/aissemble-machine-learning-sagemaker-training/1.7.0.dev1714764471-1.7.0.dev1714764515/README.md --exclude *.pyd
[2024-05-04 00:01:48] INFO root fetch - processPackages [cortex-python]: Downloading https://files.pythonhosted.org/packages/59/4d/b7cadce66333461edd6870ed1e4572e73574872e72c75c2c57b1d4ce41ab/cortex_python-6.5.0a6.tar.gz
[2024-05-04 00:01:48] INFO root fetch - processPackages [gr1336-toolbox]: Downloading https://files.pythonhosted.org/packages/f2/c4/306b8029b0ef02dda63fb3490ce64dc170494cb806eb6a90ef13a8fcd414/gr1336_toolbox-0.0.4.tar.gz
[2024-05-04 00:01:48] INFO root fetch - processPackages [cortex-python]: executing diffoscope
[2024-05-04 00:01:48] INFO root fetch - processPackages [cortex-python]: podman run --user 0:0 --rm -w /home/abi/fetcher -v /home/abi/fetcher/tmp:/home/abi/fetcher/tmp:ro -v /home/abi/fetcher/20240504:/home/abi/fetcher/20240504:rw registry.salsa.debian.org/reproducible-builds/diffoscope --no-progress tmp/cortex_python-6.5.0a4.tar.gz tmp/cortex_python-6.5.0a6.tar.gz --markdown 20240504/c/cortex-python/6.5.0a4-6.5.0a6/README.md --exclude *.pyd
[2024-05-04 00:01:49] INFO root fetch - processPackages [gr1336-toolbox]: executing diffoscope
[2024-05-04 00:01:49] INFO root fetch - processPackages [gr1336-toolbox]: podman run --user 0:0 --rm -w /home/abi/fetcher -v /home/abi/fetcher/tmp:/home/abi/fetcher/tmp:ro -v /home/abi/fetcher/20240504:/home/abi/fetcher/20240504:rw registry.salsa.debian.org/reproducible-builds/diffoscope --no-progress tmp/gr1336_toolbox-0.0.3.tar.gz tmp/gr1336_toolbox-0.0.4.tar.gz --markdown 20240504/g/gr1336-toolbox/0.0.3-0.0.4/README.md --exclude *.pyd
[2024-05-04 00:01:49] INFO root fetch - processPackages [aissemble-machine-learning-sagemaker-training]: Remove: archive file [/home/abi/fetcher/tmp/aissemble_machine_learning_sagemaker_training-1.7.0.dev1714764471.tar.gz]
[2024-05-04 00:01:49] INFO root fetch - processPackages [aissemble-machine-learning-sagemaker-training]: Remove: archive file [/home/abi/fetcher/tmp/aissemble_machine_learning_sagemaker_training-1.7.0.dev1714764515.tar.gz]
[2024-05-04 00:01:49] INFO root fetch - main [MainThread]: End processing [aissemble-machine-learning-sagemaker-training]: success
[2024-05-04 00:01:49] INFO root fetch - processPackages [flatpack]: Remove: archive file [/home/abi/fetcher/tmp/flatpack-3.4.8.tar.gz]
[2024-05-04 00:01:49] INFO root fetch - processPackages [flatpack]: Remove: archive file [/home/abi/fetcher/tmp/flatpack-3.4.9.tar.gz]
[2024-05-04 00:01:49] INFO root fetch - main [MainThread]: End processing [flatpack]: success
[2024-05-04 00:01:49] INFO root fetch - processPackages [pingintel-api]: Remove: archive file [/home/abi/fetcher/tmp/pingintel_api-0.4.0.tar.gz]
[2024-05-04 00:01:49] INFO root fetch - processPackages [pingintel-api]: Remove: archive file [/home/abi/fetcher/tmp/pingintel_api-0.5.0.tar.gz]
[2024-05-04 00:01:49] INFO root fetch - main [MainThread]: End processing [pingintel-api]: success
[2024-05-04 00:01:49] INFO root fetch - processPackages [aissemble-test-data-delivery-pyspark-model-basic]: Remove: archive file [/home/abi/fetcher/tmp/aissemble_test_data_delivery_pyspark_model_basic-1.7.0.dev1714764382.tar.gz]
[2024-05-04 00:01:49] INFO root fetch - processPackages [aissemble-test-data-delivery-pyspark-model-basic]: Remove: archive file [/home/abi/fetcher/tmp/aissemble_test_data_delivery_pyspark_model_basic-1.7.0.dev1714773404.tar.gz]
[2024-05-04 00:01:49] INFO root fetch - main [MainThread]: End processing [aissemble-test-data-delivery-pyspark-model-basic]: success
[2024-05-04 00:01:49] INFO root fetch - processPackages [aissemble-machine-learning-training]: Remove: archive file [/home/abi/fetcher/tmp/aissemble_machine_learning_training-1.7.0.dev1714764425.tar.gz]
[2024-05-04 00:01:49] INFO root fetch - processPackages [aissemble-machine-learning-training]: Remove: archive file [/home/abi/fetcher/tmp/aissemble_machine_learning_training-1.7.0.dev1714773445.tar.gz]
[2024-05-04 00:01:49] INFO root fetch - main [MainThread]: End processing [aissemble-machine-learning-training]: success
[2024-05-04 00:01:50] INFO root fetch - processPackages [aissemble-test-data-delivery-pyspark-model]: Remove: archive file [/home/abi/fetcher/tmp/aissemble_test_data_delivery_pyspark_model-1.7.0.dev1714764344.tar.gz]
[2024-05-04 00:01:50] INFO root fetch - processPackages [aissemble-test-data-delivery-pyspark-model]: Remove: archive file [/home/abi/fetcher/tmp/aissemble_test_data_delivery_pyspark_model-1.7.0.dev1714773369.tar.gz]
[2024-05-04 00:01:50] INFO root fetch - main [MainThread]: End processing [aissemble-test-data-delivery-pyspark-model]: success
[2024-05-04 00:01:50] INFO root fetch - processPackages [cortex-python]: Remove: archive file [/home/abi/fetcher/tmp/cortex_python-6.5.0a4.tar.gz]
[2024-05-04 00:01:50] INFO root fetch - processPackages [cortex-python]: Remove: archive file [/home/abi/fetcher/tmp/cortex_python-6.5.0a6.tar.gz]
[2024-05-04 00:01:50] INFO root fetch - main [MainThread]: End processing [cortex-python]: success
[2024-05-04 00:01:50] INFO root fetch - processPackages [gr1336-toolbox]: Remove: archive file [/home/abi/fetcher/tmp/gr1336_toolbox-0.0.3.tar.gz]
[2024-05-04 00:01:50] INFO root fetch - processPackages [gr1336-toolbox]: Remove: archive file [/home/abi/fetcher/tmp/gr1336_toolbox-0.0.4.tar.gz]
[2024-05-04 00:01:50] INFO root fetch - main [MainThread]: End processing [gr1336-toolbox]: success
[2024-05-04 00:01:50] INFO root fetch - main [MainThread]: Store serial: [23051997]
[2024-05-04 00:03:53] INFO root fetch - main [MainThread]: Get Changelog since Serial: [23051997]
[2024-05-04 00:03:58] INFO root fetch - main [MainThread]: Found 3 changed packages
[2024-05-04 00:03:58] INFO root fetch - processPackages [ThreadPoolExecutor-0_0]: Start processing: flatpack
[2024-05-04 00:03:58] INFO root fetch - processPackages [ThreadPoolExecutor-0_1]: Start processing: gr1336-toolbox
[2024-05-04 00:03:58] INFO root fetch - processPackages [ThreadPoolExecutor-0_2]: Start processing: penzai
[2024-05-04 00:03:58] INFO root fetch - processPackages [gr1336-toolbox]: New version: [0.0.4] Old Version: [0.0.3]
[2024-05-04 00:03:58] INFO root fetch - processPackages [flatpack]: New version: [3.4.9] Old Version: [3.4.8]
[2024-05-04 00:03:58] INFO root fetch - processPackages [penzai]: New version: [0.1.1] Old Version: [0.1.0]
[2024-05-04 00:03:58] INFO root fetch - processPackages [gr1336-toolbox]: Downloading https://files.pythonhosted.org/packages/0c/60/8517001602f76d1ebe0a083a4fa06204e3ab37f654d6f5b859f56223a0f7/gr1336_toolbox-0.0.3.tar.gz
[2024-05-04 00:03:58] INFO root fetch - processPackages [flatpack]: Downloading https://files.pythonhosted.org/packages/92/5a/46a0817bd1cfcbeb0f041626a2cc2b28a97a17caa6609495cfb355a5d90e/flatpack-3.4.8.tar.gz
[2024-05-04 00:03:58] INFO root fetch - processPackages [penzai]: Downloading https://files.pythonhosted.org/packages/a0/6f/754a44cc3138285e92934c3470fbc6c44f6a9e4b9c83999dd0d37cbdb0b8/penzai-0.1.0.tar.gz
[2024-05-04 00:03:59] INFO root fetch - processPackages [flatpack]: Downloading https://files.pythonhosted.org/packages/29/b6/9545d80064161872f90e25faa6bb7dc31698e88762b3d442b5fb491967fd/flatpack-3.4.9.tar.gz
[2024-05-04 00:03:59] INFO root fetch - processPackages [gr1336-toolbox]: Downloading https://files.pythonhosted.org/packages/f2/c4/306b8029b0ef02dda63fb3490ce64dc170494cb806eb6a90ef13a8fcd414/gr1336_toolbox-0.0.4.tar.gz
[2024-05-04 00:03:59] INFO root fetch - processPackages [flatpack]: executing diffoscope
[2024-05-04 00:03:59] INFO root fetch - processPackages [flatpack]: podman run --user 0:0 --rm -w /home/abi/fetcher -v /home/abi/fetcher/tmp:/home/abi/fetcher/tmp:ro -v /home/abi/fetcher/20240504:/home/abi/fetcher/20240504:rw registry.salsa.debian.org/reproducible-builds/diffoscope --no-progress tmp/flatpack-3.4.8.tar.gz tmp/flatpack-3.4.9.tar.gz --markdown 20240504/f/flatpack/3.4.8-3.4.9/README.md --exclude *.pyd
[2024-05-04 00:03:59] INFO root fetch - processPackages [gr1336-toolbox]: executing diffoscope
[2024-05-04 00:03:59] INFO root fetch - processPackages [gr1336-toolbox]: podman run --user 0:0 --rm -w /home/abi/fetcher -v /home/abi/fetcher/tmp:/home/abi/fetcher/tmp:ro -v /home/abi/fetcher/20240504:/home/abi/fetcher/20240504:rw registry.salsa.debian.org/reproducible-builds/diffoscope --no-progress tmp/gr1336_toolbox-0.0.3.tar.gz tmp/gr1336_toolbox-0.0.4.tar.gz --markdown 20240504/g/gr1336-toolbox/0.0.3-0.0.4/README.md --exclude *.pyd
[2024-05-04 00:03:59] INFO root fetch - processPackages [penzai]: Downloading https://files.pythonhosted.org/packages/f5/15/03e10b16e9abc9f34388c3545e2c345d41da39aecb8c8d198ee76a0a691a/penzai-0.1.1.tar.gz
[2024-05-04 00:03:59] INFO root fetch - processPackages [penzai]: executing diffoscope
[2024-05-04 00:03:59] INFO root fetch - processPackages [penzai]: podman run --user 0:0 --rm -w /home/abi/fetcher -v /home/abi/fetcher/tmp:/home/abi/fetcher/tmp:ro -v /home/abi/fetcher/20240504:/home/abi/fetcher/20240504:rw registry.salsa.debian.org/reproducible-builds/diffoscope --no-progress tmp/penzai-0.1.0.tar.gz tmp/penzai-0.1.1.tar.gz --markdown 20240504/p/penzai/0.1.0-0.1.1/README.md --exclude *.pyd
[2024-05-04 00:04:00] INFO root fetch - processPackages [gr1336-toolbox]: Remove: archive file [/home/abi/fetcher/tmp/gr1336_toolbox-0.0.3.tar.gz]
[2024-05-04 00:04:00] INFO root fetch - processPackages [gr1336-toolbox]: Remove: archive file [/home/abi/fetcher/tmp/gr1336_toolbox-0.0.4.tar.gz]
[2024-05-04 00:04:00] INFO root fetch - main [MainThread]: End processing [gr1336-toolbox]: success
[2024-05-04 00:04:00] INFO root fetch - processPackages [flatpack]: Remove: archive file [/home/abi/fetcher/tmp/flatpack-3.4.8.tar.gz]
[2024-05-04 00:04:00] INFO root fetch - processPackages [flatpack]: Remove: archive file [/home/abi/fetcher/tmp/flatpack-3.4.9.tar.gz]
[2024-05-04 00:04:00] INFO root fetch - main [MainThread]: End processing [flatpack]: success
[2024-05-04 00:04:11] INFO root fetch - processPackages [penzai]: Remove: archive file [/home/abi/fetcher/tmp/penzai-0.1.0.tar.gz]
[2024-05-04 00:04:11] INFO root fetch - processPackages [penzai]: Remove: archive file [/home/abi/fetcher/tmp/penzai-0.1.1.tar.gz]
[2024-05-04 00:04:11] INFO root fetch - main [MainThread]: End processing [penzai]: success
[2024-05-04 00:04:11] INFO root fetch - main [MainThread]: Store serial: [23052006]
[2024-05-04 00:06:15] INFO root fetch - main [MainThread]: Get Changelog since Serial: [23052006]
[2024-05-04 00:06:20] INFO root fetch - main [MainThread]: Found 2 changed packages
[2024-05-04 00:06:20] INFO root fetch - processPackages [ThreadPoolExecutor-0_0]: Start processing: solar-data-tools
[2024-05-04 00:06:20] INFO root fetch - processPackages [ThreadPoolExecutor-0_1]: Start processing: stim
[2024-05-04 00:06:20] INFO root fetch - processPackages [solar-data-tools]: New version: [1.3.2] Old Version: [1.3.1]
[2024-05-04 00:06:21] INFO root fetch - processPackages [solar-data-tools]: Downloading https://files.pythonhosted.org/packages/1e/da/60641f173e45c0d84a3f01a13553b3553918720d457d7740072b67953d94/solar_data_tools-1.3.1.tar.gz
[2024-05-04 00:06:21] WARNING root fetch - processPackages [solar-data-tools]: Skipping package: exceeds size limit 76194188>=10485760
[2024-05-04 00:06:21] INFO root fetch - main [MainThread]: End processing [solar-data-tools] error
[2024-05-04 00:06:21] INFO root fetch - processPackages [stim]: New version: [1.9.0] Old Version: [1.8.0]
[2024-05-04 00:06:22] INFO root fetch - processPackages [stim]: Downloading https://files.pythonhosted.org/packages/a7/d7/36196ad48b77efebe7d5d4e198ad0a9cac4f5acb5e0a8a7035133184a641/stim-1.8.0.tar.gz
[2024-05-04 00:06:22] INFO root fetch - processPackages [stim]: Downloading https://files.pythonhosted.org/packages/d4/c3/eba3f24b52d2c1ed2e7fd5490f31c7cafa4a0a82b9282b1ffee94eee8a4c/stim-1.9.0.tar.gz
[2024-05-04 00:06:22] INFO root fetch - processPackages [stim]: executing diffoscope
[2024-05-04 00:06:22] INFO root fetch - processPackages [stim]: podman run --user 0:0 --rm -w /home/abi/fetcher -v /home/abi/fetcher/tmp:/home/abi/fetcher/tmp:ro -v /home/abi/fetcher/20240504:/home/abi/fetcher/20240504:rw registry.salsa.debian.org/reproducible-builds/diffoscope --no-progress tmp/stim-1.8.0.tar.gz tmp/stim-1.9.0.tar.gz --markdown 20240504/s/stim/1.8.0-1.9.0/README.md --exclude *.pyd
[2024-05-04 00:06:24] INFO root fetch - processPackages [stim]: Remove: archive file [/home/abi/fetcher/tmp/stim-1.8.0.tar.gz]
[2024-05-04 00:06:24] INFO root fetch - processPackages [stim]: Remove: archive file [/home/abi/fetcher/tmp/stim-1.9.0.tar.gz]
[2024-05-04 00:06:24] INFO root fetch - main [MainThread]: End processing [stim]: success
[2024-05-04 00:06:24] INFO root fetch - main [MainThread]: Store serial: [23052026]
[2024-05-04 00:08:28] INFO root fetch - main [MainThread]: Get Changelog since Serial: [23052026]
[2024-05-04 00:08:33] INFO root fetch - main [MainThread]: Found 5 changed packages
[2024-05-04 00:08:33] INFO root fetch - processPackages [ThreadPoolExecutor-0_0]: Start processing: stimcirq
[2024-05-04 00:08:33] INFO root fetch - processPackages [ThreadPoolExecutor-0_1]: Start processing: sinter
[2024-05-04 00:08:33] INFO root fetch - processPackages [ThreadPoolExecutor-0_2]: Start processing: openshift-python-wrapper
[2024-05-04 00:08:33] INFO root fetch - processPackages [ThreadPoolExecutor-0_3]: Start processing: baml-py
[2024-05-04 00:08:33] INFO root fetch - processPackages [ThreadPoolExecutor-0_4]: Start processing: juan-stats
[2024-05-04 00:08:33] INFO root fetch - processPackages [juan-stats]: New version: [1.3] Old Version: [1.2]
[2024-05-04 00:08:33] INFO root fetch - processPackages [openshift-python-wrapper]: New version: [4.9.9.12] Old Version: [4.9.7.12]
[2024-05-04 00:08:33] INFO root fetch - processPackages [juan-stats]: Downloading https://files.pythonhosted.org/packages/30/f9/6447b9c68e122c234320a85c4dcb2d41d21d7d09fc26090169572fd44c91/juan_stats-1.2.tar.gz
[2024-05-04 00:08:33] INFO root fetch - processPackages [baml-py]: New version: [0.1.8] Old Version: [0.1.7]
[2024-05-04 00:08:33] INFO root fetch - processPackages [sinter]: New version: [1.9.dev1657429876] Old Version: [1.9.dev1656756326]
[2024-05-04 00:08:33] INFO root fetch - processPackages [stimcirq]: New version: [1.9.dev1657429876] Old Version: [1.9.dev1656756326]
[2024-05-04 00:08:33] INFO root fetch - processPackages [openshift-python-wrapper]: Downloading https://files.pythonhosted.org/packages/9f/52/8943f0836c823ed0ab894348233d99a219025753e654fa494137828358f9/openshift-python-wrapper-4.9.7.12.tar.gz
[2024-05-04 00:08:33] INFO root fetch - processPackages [stimcirq]: Downloading https://files.pythonhosted.org/packages/ec/fe/38fc995ba6685f64103f3cd62faa49cd869af074b36e401597d9d2b0278d/stimcirq-1.9.dev1656756326.tar.gz
[2024-05-04 00:08:33] INFO root fetch - processPackages [baml-py]: Downloading https://files.pythonhosted.org/packages/25/87/8c282dde1baef563a26b14da5e0dd08ad7df4c8539fdd0035e54fe0ba1bf/baml_py-0.1.7.tar.gz
[2024-05-04 00:08:33] INFO root fetch - processPackages [sinter]: Downloading https://files.pythonhosted.org/packages/df/c6/cb2622852c76647e7b6ad9a7a7e10f4e2cac9ecdfd523ac68df0bfc130af/sinter-1.9.dev1656756326.tar.gz
[2024-05-04 00:08:33] INFO root fetch - processPackages [openshift-python-wrapper]: Downloading https://files.pythonhosted.org/packages/e7/2c/25381b003b6e49919b5c98f68796af474a0b6fb3e28c46552a6949c6160a/openshift-python-wrapper-4.9.9.12.tar.gz
[2024-05-04 00:08:33] INFO root fetch - processPackages [juan-stats]: Downloading https://files.pythonhosted.org/packages/47/b4/73fb543917eded15198c163ed10b4bb96e02cc44940fd45b60faa2b8c1f3/juan_stats-1.3.tar.gz
[2024-05-04 00:08:33] INFO root fetch - processPackages [openshift-python-wrapper]: executing diffoscope
[2024-05-04 00:08:33] INFO root fetch - processPackages [openshift-python-wrapper]: podman run --user 0:0 --rm -w /home/abi/fetcher -v /home/abi/fetcher/tmp:/home/abi/fetcher/tmp:ro -v /home/abi/fetcher/20240504:/home/abi/fetcher/20240504:rw registry.salsa.debian.org/reproducible-builds/diffoscope --no-progress tmp/openshift-python-wrapper-4.9.7.12.tar.gz tmp/openshift-python-wrapper-4.9.9.12.tar.gz --markdown 20240504/o/openshift-python-wrapper/4.9.7.12-4.9.9.12/README.md --exclude *.pyd
[2024-05-04 00:08:33] INFO root fetch - processPackages [juan-stats]: executing diffoscope
[2024-05-04 00:08:33] INFO root fetch - processPackages [juan-stats]: podman run --user 0:0 --rm -w /home/abi/fetcher -v /home/abi/fetcher/tmp:/home/abi/fetcher/tmp:ro -v /home/abi/fetcher/20240504:/home/abi/fetcher/20240504:rw registry.salsa.debian.org/reproducible-builds/diffoscope --no-progress tmp/juan_stats-1.2.tar.gz tmp/juan_stats-1.3.tar.gz --markdown 20240504/j/juan-stats/1.2-1.3/README.md --exclude *.pyd
[2024-05-04 00:08:33] INFO root fetch - processPackages [baml-py]: Downloading https://files.pythonhosted.org/packages/e9/42/107de39e54932745ce1b6948b52cab9a47b2f4440f9cd2e7c9afe8338e17/baml_py-0.1.8-cp38-abi3-win_amd64.whl
[2024-05-04 00:08:33] INFO root fetch - processPackages [stimcirq]: Downloading https://files.pythonhosted.org/packages/a2/fe/5fa281db7d139ef59a3c4c47c96940bf9f3fab0d0017ea452412c0cfc8d3/stimcirq-1.9.dev1657429876.tar.gz
[2024-05-04 00:08:34] INFO root fetch - processPackages [sinter]: Downloading https://files.pythonhosted.org/packages/fd/5e/bd22cf7318b95a6cb630aede242c37ca8e376f51d3c73522d4d3fafd60c3/sinter-1.9.dev1657429876.tar.gz
[2024-05-04 00:08:34] INFO root fetch - processPackages [stimcirq]: executing diffoscope
[2024-05-04 00:08:34] INFO root fetch - processPackages [stimcirq]: podman run --user 0:0 --rm -w /home/abi/fetcher -v /home/abi/fetcher/tmp:/home/abi/fetcher/tmp:ro -v /home/abi/fetcher/20240504:/home/abi/fetcher/20240504:rw registry.salsa.debian.org/reproducible-builds/diffoscope --no-progress tmp/stimcirq-1.9.dev1656756326.tar.gz tmp/stimcirq-1.9.dev1657429876.tar.gz --markdown 20240504/s/stimcirq/1.9.dev1656756326-1.9.dev1657429876/README.md --exclude *.pyd
[2024-05-04 00:08:34] INFO root fetch - processPackages [sinter]: executing diffoscope
[2024-05-04 00:08:34] INFO root fetch - processPackages [sinter]: podman run --user 0:0 --rm -w /home/abi/fetcher -v /home/abi/fetcher/tmp:/home/abi/fetcher/tmp:ro -v /home/abi/fetcher/20240504:/home/abi/fetcher/20240504:rw registry.salsa.debian.org/reproducible-builds/diffoscope --no-progress tmp/sinter-1.9.dev1656756326.tar.gz tmp/sinter-1.9.dev1657429876.tar.gz --markdown 20240504/s/sinter/1.9.dev1656756326-1.9.dev1657429876/README.md --exclude *.pyd
[2024-05-04 00:08:34] INFO root fetch - processPackages [juan-stats]: Remove: archive file [/home/abi/fetcher/tmp/juan_stats-1.2.tar.gz]
[2024-05-04 00:08:34] INFO root fetch - processPackages [juan-stats]: Remove: archive file [/home/abi/fetcher/tmp/juan_stats-1.3.tar.gz]
[2024-05-04 00:08:34] INFO root fetch - main [MainThread]: End processing [juan-stats]: success
[2024-05-04 00:08:34] INFO root fetch - processPackages [baml-py]: executing diffoscope
[2024-05-04 00:08:34] INFO root fetch - processPackages [baml-py]: podman run --user 0:0 --rm -w /home/abi/fetcher -v /home/abi/fetcher/tmp:/home/abi/fetcher/tmp:ro -v /home/abi/fetcher/20240504:/home/abi/fetcher/20240504:rw registry.salsa.debian.org/reproducible-builds/diffoscope --no-progress tmp/baml_py-0.1.7.tar.gz tmp/baml_py-0.1.8-cp38-abi3-win_amd64.whl.zip --markdown 20240504/b/baml-py/0.1.7-0.1.8/README.md --exclude *.pyd
[2024-05-04 00:08:34] INFO root fetch - processPackages [openshift-python-wrapper]: Remove: archive file [/home/abi/fetcher/tmp/openshift-python-wrapper-4.9.7.12.tar.gz]
[2024-05-04 00:08:34] INFO root fetch - processPackages [openshift-python-wrapper]: Remove: archive file [/home/abi/fetcher/tmp/openshift-python-wrapper-4.9.9.12.tar.gz]
[2024-05-04 00:08:34] INFO root fetch - main [MainThread]: End processing [openshift-python-wrapper]: success
[2024-05-04 00:08:34] INFO root fetch - processPackages [stimcirq]: Remove: archive file [/home/abi/fetcher/tmp/stimcirq-1.9.dev1656756326.tar.gz]
[2024-05-04 00:08:34] INFO root fetch - processPackages [stimcirq]: Remove: archive file [/home/abi/fetcher/tmp/stimcirq-1.9.dev1657429876.tar.gz]
[2024-05-04 00:08:34] INFO root fetch - main [MainThread]: End processing [stimcirq]: success
[2024-05-04 00:08:34] INFO root fetch - processPackages [sinter]: Remove: archive file [/home/abi/fetcher/tmp/sinter-1.9.dev1656756326.tar.gz]
[2024-05-04 00:08:34] INFO root fetch - processPackages [sinter]: Remove: archive file [/home/abi/fetcher/tmp/sinter-1.9.dev1657429876.tar.gz]
[2024-05-04 00:08:34] INFO root fetch - main [MainThread]: End processing [sinter]: success
[2024-05-04 00:08:35] INFO root fetch - processPackages [baml-py]: Remove: archive file [/home/abi/fetcher/tmp/baml_py-0.1.7.tar.gz]
[2024-05-04 00:08:35] INFO root fetch - processPackages [baml-py]: Remove: archive file [/home/abi/fetcher/tmp/baml_py-0.1.8-cp38-abi3-win_amd64.whl.zip]
[2024-05-04 00:08:35] INFO root fetch - main [MainThread]: End processing [baml-py]: success
[2024-05-04 00:08:35] INFO root fetch - main [MainThread]: Store serial: [23052056]
[2024-05-04 00:10:38] INFO root fetch - main [MainThread]: Get Changelog since Serial: [23052056]
[2024-05-04 00:10:43] INFO root fetch - main [MainThread]: Found 8 changed packages
[2024-05-04 00:10:43] INFO root fetch - processPackages [ThreadPoolExecutor-0_0]: Start processing: pulumi-oci
[2024-05-04 00:10:43] INFO root fetch - processPackages [ThreadPoolExecutor-0_1]: Start processing: texplot
[2024-05-04 00:10:43] INFO root fetch - processPackages [ThreadPoolExecutor-0_2]: Start processing: juan-stats
[2024-05-04 00:10:43] INFO root fetch - processPackages [ThreadPoolExecutor-0_3]: Start processing: discord-toolkit
[2024-05-04 00:10:43] INFO root fetch - processPackages [ThreadPoolExecutor-0_4]: Start processing: heaserver
[2024-05-04 00:10:43] INFO root fetch - processPackages [ThreadPoolExecutor-0_5]: Start processing: pynhl
[2024-05-04 00:10:43] INFO root fetch - processPackages [ThreadPoolExecutor-0_6]: Start processing: CTDFjorder
[2024-05-04 00:10:43] INFO root fetch - processPackages [ThreadPoolExecutor-0_7]: Start processing: psp-liquids-daq-parser
[2024-05-04 00:10:43] INFO root fetch - processPackages [juan-stats]: New version: [1.4] Old Version: [1.3]
[2024-05-04 00:10:43] INFO root fetch - processPackages [CTDFjorder]: New version: [0.0.9] Old Version: [0.0.8]
[2024-05-04 00:10:43] INFO root fetch - processPackages [pulumi-oci]: New version: [1.9.0a1693981063] Old Version: [1.9.0a1693634572]
[2024-05-04 00:10:43] WARNING root fetch - processPackages [discord-toolkit]: Skipping, unable to determine old version
[2024-05-04 00:10:43] INFO root fetch - main [MainThread]: End processing [discord-toolkit] error
[2024-05-04 00:10:43] INFO root fetch - processPackages [juan-stats]: Downloading https://files.pythonhosted.org/packages/47/b4/73fb543917eded15198c163ed10b4bb96e02cc44940fd45b60faa2b8c1f3/juan_stats-1.3.tar.gz
[2024-05-04 00:10:43] INFO root fetch - processPackages [CTDFjorder]: Downloading https://files.pythonhosted.org/packages/f4/55/a40186b16bc262a9be94d2bc145b870286c15bed2abf982a6f1a7227f885/CTDFjorder-0.0.8.tar.gz
[2024-05-04 00:10:43] INFO root fetch - processPackages [pynhl]: New version: [0.4.6] Old Version: [0.4.5]
[2024-05-04 00:10:43] INFO root fetch - processPackages [texplot]: New version: [0.0.2] Old Version: [0.0.1]
[2024-05-04 00:10:43] INFO root fetch - processPackages [pulumi-oci]: Downloading https://files.pythonhosted.org/packages/02/f8/59b31ede3416e4e37062af605ed2293a67d7cfe3eec867258c58481c638d/pulumi_oci-1.9.0a1693634572.tar.gz
[2024-05-04 00:10:43] INFO root fetch - processPackages [heaserver]: New version: [1.5.2] Old Version: [1.5.1]
[2024-05-04 00:10:43] INFO root fetch - processPackages [psp-liquids-daq-parser]: New version: [0.0.8] Old Version: [0.0.7]
[2024-05-04 00:10:44] INFO root fetch - processPackages [texplot]: Downloading https://files.pythonhosted.org/packages/93/60/b129f595d54580f02298c8c9ae6d82fa40e8aa661f64849f9aa403a1281d/texplot-0.0.1.tar.gz
[2024-05-04 00:10:44] INFO root fetch - processPackages [CTDFjorder]: Downloading https://files.pythonhosted.org/packages/e4/08/9eb66c9f842964f28a0e8214bd3791b744a8bbf8a3dec102434a6d25c486/CTDFjorder-0.0.9.tar.gz
[2024-05-04 00:10:44] INFO root fetch - processPackages [heaserver]: Downloading https://files.pythonhosted.org/packages/5f/81/7b9c17b8d17e9ba7c6aeac2399df4e1bf4b45400631458f06e3fb9220fe2/heaserver-1.5.1.tar.gz
[2024-05-04 00:10:44] INFO root fetch - processPackages [pynhl]: Downloading https://files.pythonhosted.org/packages/4c/31/2e43587e49e6bd38fdd46490ce04dbb1d35afedf298405bbd8d4f4926f9e/pynhl-0.4.5.tar.gz
[2024-05-04 00:10:44] INFO root fetch - processPackages [psp-liquids-daq-parser]: Downloading https://files.pythonhosted.org/packages/af/cb/344c74cd9f4cbc83bb58e66bfaed9045669a3d0b8f09680889344f7ac8e9/psp_liquids_daq_parser-0.0.7.tar.gz
[2024-05-04 00:10:44] INFO root fetch - processPackages [juan-stats]: Downloading https://files.pythonhosted.org/packages/de/f7/fd2851a2a2dac5b01928fb1e7c4274206b3f852f31d7b462449b0c51b79b/juan_stats-1.4.tar.gz
[2024-05-04 00:10:44] INFO root fetch - processPackages [CTDFjorder]: executing diffoscope
[2024-05-04 00:10:44] INFO root fetch - processPackages [CTDFjorder]: podman run --user 0:0 --rm -w /home/abi/fetcher -v /home/abi/fetcher/tmp:/home/abi/fetcher/tmp:ro -v /home/abi/fetcher/20240504:/home/abi/fetcher/20240504:rw registry.salsa.debian.org/reproducible-builds/diffoscope --no-progress tmp/CTDFjorder-0.0.8.tar.gz tmp/CTDFjorder-0.0.9.tar.gz --markdown 20240504/C/CTDFjorder/0.0.8-0.0.9/README.md --exclude *.pyd
[2024-05-04 00:10:44] INFO root fetch - processPackages [juan-stats]: executing diffoscope
[2024-05-04 00:10:44] INFO root fetch - processPackages [juan-stats]: podman run --user 0:0 --rm -w /home/abi/fetcher -v /home/abi/fetcher/tmp:/home/abi/fetcher/tmp:ro -v /home/abi/fetcher/20240504:/home/abi/fetcher/20240504:rw registry.salsa.debian.org/reproducible-builds/diffoscope --no-progress tmp/juan_stats-1.3.tar.gz tmp/juan_stats-1.4.tar.gz --markdown 20240504/j/juan-stats/1.3-1.4/README.md --exclude *.pyd
[2024-05-04 00:10:44] INFO root fetch - processPackages [texplot]: Downloading https://files.pythonhosted.org/packages/00/94/0cd17640a998230f8976ce9a79134730b9a4172add58385bdec9aad24a7b/texplot-0.0.2.tar.gz
[2024-05-04 00:10:44] INFO root fetch - processPackages [pulumi-oci]: Downloading https://files.pythonhosted.org/packages/77/93/cd3384a9ca236f6aa79a6f6fa7c94647e0588bdaf8a86d173cca47e31e21/pulumi_oci-1.9.0a1693981063.tar.gz
[2024-05-04 00:10:44] INFO root fetch - processPackages [heaserver]: Downloading https://files.pythonhosted.org/packages/ca/28/140df910e225ee82c8b78e744c3afddbb9af8a2bb77908129457c3233f57/heaserver-1.5.2.tar.gz
[2024-05-04 00:10:44] INFO root fetch - processPackages [texplot]: executing diffoscope
[2024-05-04 00:10:44] INFO root fetch - processPackages [texplot]: podman run --user 0:0 --rm -w /home/abi/fetcher -v /home/abi/fetcher/tmp:/home/abi/fetcher/tmp:ro -v /home/abi/fetcher/20240504:/home/abi/fetcher/20240504:rw registry.salsa.debian.org/reproducible-builds/diffoscope --no-progress tmp/texplot-0.0.1.tar.gz tmp/texplot-0.0.2.tar.gz --markdown 20240504/t/texplot/0.0.1-0.0.2/README.md --exclude *.pyd
[2024-05-04 00:10:44] INFO root fetch - processPackages [pynhl]: Downloading https://files.pythonhosted.org/packages/7c/4b/4d5c0a2cd8c29f0d880a33dfd7d0282eee2f8765dfddf1480d984b02af2f/pynhl-0.4.6.tar.gz
[2024-05-04 00:10:44] INFO root fetch - processPackages [heaserver]: executing diffoscope
[2024-05-04 00:10:44] INFO root fetch - processPackages [heaserver]: podman run --user 0:0 --rm -w /home/abi/fetcher -v /home/abi/fetcher/tmp:/home/abi/fetcher/tmp:ro -v /home/abi/fetcher/20240504:/home/abi/fetcher/20240504:rw registry.salsa.debian.org/reproducible-builds/diffoscope --no-progress tmp/heaserver-1.5.1.tar.gz tmp/heaserver-1.5.2.tar.gz --markdown 20240504/h/heaserver/1.5.1-1.5.2/README.md --exclude *.pyd
[2024-05-04 00:10:44] INFO root fetch - processPackages [psp-liquids-daq-parser]: Downloading https://files.pythonhosted.org/packages/5a/ac/acb2afa30ac1f5b2b0951c15a15e36c8ff37d2b157a58f13f26d6da72f9d/psp_liquids_daq_parser-0.0.8.tar.gz
[2024-05-04 00:10:44] INFO root fetch - processPackages [pynhl]: executing diffoscope
[2024-05-04 00:10:44] INFO root fetch - processPackages [pynhl]: podman run --user 0:0 --rm -w /home/abi/fetcher -v /home/abi/fetcher/tmp:/home/abi/fetcher/tmp:ro -v /home/abi/fetcher/20240504:/home/abi/fetcher/20240504:rw registry.salsa.debian.org/reproducible-builds/diffoscope --no-progress tmp/pynhl-0.4.5.tar.gz tmp/pynhl-0.4.6.tar.gz --markdown 20240504/p/pynhl/0.4.5-0.4.6/README.md --exclude *.pyd
[2024-05-04 00:10:44] INFO root fetch - processPackages [psp-liquids-daq-parser]: executing diffoscope
[2024-05-04 00:10:44] INFO root fetch - processPackages [psp-liquids-daq-parser]: podman run --user 0:0 --rm -w /home/abi/fetcher -v /home/abi/fetcher/tmp:/home/abi/fetcher/tmp:ro -v /home/abi/fetcher/20240504:/home/abi/fetcher/20240504:rw registry.salsa.debian.org/reproducible-builds/diffoscope --no-progress tmp/psp_liquids_daq_parser-0.0.7.tar.gz tmp/psp_liquids_daq_parser-0.0.8.tar.gz --markdown 20240504/p/psp-liquids-daq-parser/0.0.7-0.0.8/README.md --exclude *.pyd
[2024-05-04 00:10:44] INFO root fetch - processPackages [pulumi-oci]: executing diffoscope
[2024-05-04 00:10:44] INFO root fetch - processPackages [pulumi-oci]: podman run --user 0:0 --rm -w /home/abi/fetcher -v /home/abi/fetcher/tmp:/home/abi/fetcher/tmp:ro -v /home/abi/fetcher/20240504:/home/abi/fetcher/20240504:rw registry.salsa.debian.org/reproducible-builds/diffoscope --no-progress tmp/pulumi_oci-1.9.0a1693634572.tar.gz tmp/pulumi_oci-1.9.0a1693981063.tar.gz --markdown 20240504/p/pulumi-oci/1.9.0a1693634572-1.9.0a1693981063/README.md --exclude *.pyd
[2024-05-04 00:10:44] INFO root fetch - processPackages [CTDFjorder]: Remove: archive file [/home/abi/fetcher/tmp/CTDFjorder-0.0.8.tar.gz]
[2024-05-04 00:10:44] INFO root fetch - processPackages [CTDFjorder]: Remove: archive file [/home/abi/fetcher/tmp/CTDFjorder-0.0.9.tar.gz]
[2024-05-04 00:10:44] INFO root fetch - main [MainThread]: End processing [CTDFjorder]: success
[2024-05-04 00:10:45] INFO root fetch - processPackages [juan-stats]: Remove: archive file [/home/abi/fetcher/tmp/juan_stats-1.3.tar.gz]
[2024-05-04 00:10:45] INFO root fetch - processPackages [juan-stats]: Remove: archive file [/home/abi/fetcher/tmp/juan_stats-1.4.tar.gz]
[2024-05-04 00:10:45] INFO root fetch - main [MainThread]: End processing [juan-stats]: success
[2024-05-04 00:10:45] INFO root fetch - processPackages [texplot]: Remove: archive file [/home/abi/fetcher/tmp/texplot-0.0.1.tar.gz]
[2024-05-04 00:10:45] INFO root fetch - processPackages [texplot]: Remove: archive file [/home/abi/fetcher/tmp/texplot-0.0.2.tar.gz]
[2024-05-04 00:10:45] INFO root fetch - main [MainThread]: End processing [texplot]: success
[2024-05-04 00:10:45] INFO root fetch - processPackages [pynhl]: Remove: archive file [/home/abi/fetcher/tmp/pynhl-0.4.5.tar.gz]
[2024-05-04 00:10:45] INFO root fetch - processPackages [pynhl]: Remove: archive file [/home/abi/fetcher/tmp/pynhl-0.4.6.tar.gz]
[2024-05-04 00:10:45] INFO root fetch - main [MainThread]: End processing [pynhl]: success
[2024-05-04 00:10:45] INFO root fetch - processPackages [psp-liquids-daq-parser]: Remove: archive file [/home/abi/fetcher/tmp/psp_liquids_daq_parser-0.0.7.tar.gz]
[2024-05-04 00:10:45] INFO root fetch - processPackages [psp-liquids-daq-parser]: Remove: archive file [/home/abi/fetcher/tmp/psp_liquids_daq_parser-0.0.8.tar.gz]
[2024-05-04 00:10:45] INFO root fetch - main [MainThread]: End processing [psp-liquids-daq-parser]: success
[2024-05-04 00:10:45] INFO root fetch - processPackages [heaserver]: Remove: archive file [/home/abi/fetcher/tmp/heaserver-1.5.1.tar.gz]
[2024-05-04 00:10:45] INFO root fetch - processPackages [heaserver]: Remove: archive file [/home/abi/fetcher/tmp/heaserver-1.5.2.tar.gz]
[2024-05-04 00:10:45] INFO root fetch - main [MainThread]: End processing [heaserver]: success
[2024-05-04 00:10:59] INFO root fetch - processPackages [pulumi-oci]: Remove: archive file [/home/abi/fetcher/tmp/pulumi_oci-1.9.0a1693634572.tar.gz]
[2024-05-04 00:10:59] INFO root fetch - processPackages [pulumi-oci]: Remove: archive file [/home/abi/fetcher/tmp/pulumi_oci-1.9.0a1693981063.tar.gz]
[2024-05-04 00:10:59] INFO root fetch - main [MainThread]: End processing [pulumi-oci]: success
[2024-05-04 00:10:59] INFO root fetch - main [MainThread]: Store serial: [23052080]
[2024-05-04 00:13:03] INFO root fetch - main [MainThread]: Get Changelog since Serial: [23052080]
[2024-05-04 00:13:08] INFO root fetch - main [MainThread]: Found 3 changed packages
[2024-05-04 00:13:08] INFO root fetch - processPackages [ThreadPoolExecutor-0_0]: Start processing: lusid-sdk
[2024-05-04 00:13:08] INFO root fetch - processPackages [ThreadPoolExecutor-0_1]: Start processing: lusid-sdk-preview
[2024-05-04 00:13:08] INFO root fetch - processPackages [ThreadPoolExecutor-0_2]: Start processing: zemia
[2024-05-04 00:13:08] WARNING root fetch - processPackages [zemia]: Skipping, unable to determine old version
[2024-05-04 00:13:08] INFO root fetch - main [MainThread]: End processing [zemia] error
[2024-05-04 00:13:08] INFO root fetch - processPackages [lusid-sdk-preview]: New version: [1.1.98] Old Version: [1.1.97]
[2024-05-04 00:13:08] INFO root fetch - processPackages [lusid-sdk-preview]: Downloading https://files.pythonhosted.org/packages/f9/fb/fc53cb5d0455e9bbd1207566684f6f2cd700268ae435d3172e9489e357d8/lusid-sdk-preview-1.1.97.tar.gz
[2024-05-04 00:13:08] INFO root fetch - processPackages [lusid-sdk]: New version: [2.1.90] Old Version: [2.1.88]
[2024-05-04 00:13:08] INFO root fetch - processPackages [lusid-sdk]: Downloading https://files.pythonhosted.org/packages/2f/6d/acef6bbcc8b4e3addc91a31d80c19785d5d5d966d3441c9c96438a46032c/lusid_sdk-2.1.88.tar.gz
[2024-05-04 00:13:09] INFO root fetch - processPackages [lusid-sdk-preview]: Downloading https://files.pythonhosted.org/packages/c5/34/68330ec346008829c8b0f483665ee7ae8ba394a18406fd563696f8ee59e8/lusid-sdk-preview-1.1.98.tar.gz
[2024-05-04 00:13:09] INFO root fetch - processPackages [lusid-sdk-preview]: executing diffoscope
[2024-05-04 00:13:09] INFO root fetch - processPackages [lusid-sdk-preview]: podman run --user 0:0 --rm -w /home/abi/fetcher -v /home/abi/fetcher/tmp:/home/abi/fetcher/tmp:ro -v /home/abi/fetcher/20240504:/home/abi/fetcher/20240504:rw registry.salsa.debian.org/reproducible-builds/diffoscope --no-progress tmp/lusid-sdk-preview-1.1.97.tar.gz tmp/lusid-sdk-preview-1.1.98.tar.gz --markdown 20240504/l/lusid-sdk-preview/1.1.97-1.1.98/README.md --exclude *.pyd
[2024-05-04 00:13:09] INFO root fetch - processPackages [lusid-sdk]: Downloading https://files.pythonhosted.org/packages/e2/93/72143bd559886897c54af313322d4bb6c789d8b87b76991b2077e536c780/lusid_sdk-2.1.90.tar.gz
[2024-05-04 00:13:09] INFO root fetch - processPackages [lusid-sdk]: executing diffoscope
[2024-05-04 00:13:09] INFO root fetch - processPackages [lusid-sdk]: podman run --user 0:0 --rm -w /home/abi/fetcher -v /home/abi/fetcher/tmp:/home/abi/fetcher/tmp:ro -v /home/abi/fetcher/20240504:/home/abi/fetcher/20240504:rw registry.salsa.debian.org/reproducible-builds/diffoscope --no-progress tmp/lusid_sdk-2.1.88.tar.gz tmp/lusid_sdk-2.1.90.tar.gz --markdown 20240504/l/lusid-sdk/2.1.88-2.1.90/README.md --exclude *.pyd
[2024-05-04 00:13:13] INFO root fetch - processPackages [lusid-sdk]: Remove: archive file [/home/abi/fetcher/tmp/lusid_sdk-2.1.88.tar.gz]
[2024-05-04 00:13:13] INFO root fetch - processPackages [lusid-sdk]: Remove: archive file [/home/abi/fetcher/tmp/lusid_sdk-2.1.90.tar.gz]
[2024-05-04 00:13:13] INFO root fetch - main [MainThread]: End processing [lusid-sdk]: success
[2024-05-04 00:13:22] INFO root fetch - processPackages [lusid-sdk-preview]: Remove: archive file [/home/abi/fetcher/tmp/lusid-sdk-preview-1.1.97.tar.gz]
[2024-05-04 00:13:22] INFO root fetch - processPackages [lusid-sdk-preview]: Remove: archive file [/home/abi/fetcher/tmp/lusid-sdk-preview-1.1.98.tar.gz]
[2024-05-04 00:13:22] INFO root fetch - main [MainThread]: End processing [lusid-sdk-preview]: success
[2024-05-04 00:13:22] INFO root fetch - main [MainThread]: Store serial: [23052101]
